{"/Users/ngundobin/Desktop/express-biztime/app.js": {"path":"/Users/ngundobin/Desktop/express-biztime/app.js","statementMap":{"0":{"start":{"line":3,"column":16},"end":{"line":3,"column":34}},"1":{"start":{"line":4,"column":12},"end":{"line":4,"column":21}},"2":{"start":{"line":5,"column":21},"end":{"line":5,"column":46}},"3":{"start":{"line":6,"column":24},"end":{"line":6,"column":53}},"4":{"start":{"line":7,"column":23},"end":{"line":7,"column":51}},"5":{"start":{"line":9,"column":0},"end":{"line":9,"column":24}},"6":{"start":{"line":11,"column":0},"end":{"line":11,"column":39}},"7":{"start":{"line":12,"column":0},"end":{"line":12,"column":37}},"8":{"start":{"line":16,"column":0},"end":{"line":19,"column":3}},"9":{"start":{"line":17,"column":13},"end":{"line":17,"column":47}},"10":{"start":{"line":18,"column":1},"end":{"line":18,"column":18}},"11":{"start":{"line":23,"column":0},"end":{"line":30,"column":3}},"12":{"start":{"line":24,"column":1},"end":{"line":24,"column":31}},"13":{"start":{"line":26,"column":1},"end":{"line":29,"column":4}},"14":{"start":{"line":32,"column":0},"end":{"line":32,"column":21}}},"fnMap":{"0":{"name":"(anonymous_0)","decl":{"start":{"line":16,"column":8},"end":{"line":16,"column":9}},"loc":{"start":{"line":16,"column":34},"end":{"line":19,"column":1}},"line":16},"1":{"name":"(anonymous_1)","decl":{"start":{"line":23,"column":8},"end":{"line":23,"column":9}},"loc":{"start":{"line":23,"column":33},"end":{"line":30,"column":1}},"line":23}},"branchMap":{"0":{"loc":{"start":{"line":24,"column":12},"end":{"line":24,"column":29}},"type":"binary-expr","locations":[{"start":{"line":24,"column":12},"end":{"line":24,"column":22}},{"start":{"line":24,"column":26},"end":{"line":24,"column":29}}],"line":24}},"s":{"0":2,"1":2,"2":2,"3":2,"4":2,"5":2,"6":2,"7":2,"8":2,"9":1,"10":1,"11":2,"12":3,"13":3,"14":2},"f":{"0":1,"1":3},"b":{"0":[3,0]},"_coverageSchema":"1a1c01bbd47fc00a2c39e90264f33305004495a9","hash":"a55d461b552c4a829c1cda77c9c52e3eba4bb0f6"}
,"/Users/ngundobin/Desktop/express-biztime/db.js": {"path":"/Users/ngundobin/Desktop/express-biztime/db.js","statementMap":{"0":{"start":{"line":3,"column":19},"end":{"line":3,"column":32}},"1":{"start":{"line":6,"column":0},"end":{"line":11,"column":1}},"2":{"start":{"line":7,"column":1},"end":{"line":7,"column":39}},"3":{"start":{"line":8,"column":1},"end":{"line":8,"column":24}},"4":{"start":{"line":10,"column":1},"end":{"line":10,"column":34}},"5":{"start":{"line":13,"column":9},"end":{"line":15,"column":2}},"6":{"start":{"line":17,"column":0},"end":{"line":17,"column":13}},"7":{"start":{"line":19,"column":0},"end":{"line":19,"column":20}}},"fnMap":{},"branchMap":{"0":{"loc":{"start":{"line":6,"column":0},"end":{"line":11,"column":1}},"type":"if","locations":[{"start":{"line":6,"column":0},"end":{"line":11,"column":1}},{"start":{"line":6,"column":0},"end":{"line":11,"column":1}}],"line":6}},"s":{"0":2,"1":2,"2":2,"3":2,"4":0,"5":2,"6":2,"7":2},"f":{},"b":{"0":[2,0]},"_coverageSchema":"1a1c01bbd47fc00a2c39e90264f33305004495a9","hash":"f2671c188c24fc9134dffe2abc08f122264e4fda"}
,"/Users/ngundobin/Desktop/express-biztime/expressError.js": {"path":"/Users/ngundobin/Desktop/express-biztime/expressError.js","statementMap":{"0":{"start":{"line":9,"column":4},"end":{"line":9,"column":12}},"1":{"start":{"line":10,"column":4},"end":{"line":10,"column":27}},"2":{"start":{"line":11,"column":4},"end":{"line":11,"column":25}},"3":{"start":{"line":12,"column":4},"end":{"line":12,"column":30}},"4":{"start":{"line":17,"column":0},"end":{"line":17,"column":30}}},"fnMap":{"0":{"name":"(anonymous_0)","decl":{"start":{"line":8,"column":2},"end":{"line":8,"column":3}},"loc":{"start":{"line":8,"column":31},"end":{"line":13,"column":3}},"line":8}},"branchMap":{},"s":{"0":3,"1":3,"2":3,"3":3,"4":2},"f":{"0":3},"b":{},"_coverageSchema":"1a1c01bbd47fc00a2c39e90264f33305004495a9","hash":"a34de9df789dca758c2ea5d5606334a74a32ee84"}
,"/Users/ngundobin/Desktop/express-biztime/routes/companies.js": {"path":"/Users/ngundobin/Desktop/express-biztime/routes/companies.js","statementMap":{"0":{"start":{"line":1,"column":11},"end":{"line":1,"column":27}},"1":{"start":{"line":2,"column":16},"end":{"line":2,"column":34}},"2":{"start":{"line":3,"column":21},"end":{"line":3,"column":47}},"3":{"start":{"line":5,"column":24},"end":{"line":5,"column":44}},"4":{"start":{"line":7,"column":0},"end":{"line":14,"column":3}},"5":{"start":{"line":8,"column":2},"end":{"line":13,"column":3}},"6":{"start":{"line":9,"column":22},"end":{"line":9,"column":63}},"7":{"start":{"line":10,"column":4},"end":{"line":10,"column":36}},"8":{"start":{"line":12,"column":4},"end":{"line":12,"column":21}},"9":{"start":{"line":16,"column":0},"end":{"line":31,"column":3}},"10":{"start":{"line":17,"column":2},"end":{"line":30,"column":3}},"11":{"start":{"line":18,"column":22},"end":{"line":20,"column":6}},"12":{"start":{"line":21,"column":4},"end":{"line":26,"column":5}},"13":{"start":{"line":22,"column":6},"end":{"line":25,"column":8}},"14":{"start":{"line":27,"column":4},"end":{"line":27,"column":36}},"15":{"start":{"line":29,"column":4},"end":{"line":29,"column":14}},"16":{"start":{"line":33,"column":0},"end":{"line":45,"column":3}},"17":{"start":{"line":34,"column":2},"end":{"line":44,"column":3}},"18":{"start":{"line":35,"column":40},"end":{"line":35,"column":48}},"19":{"start":{"line":36,"column":19},"end":{"line":39,"column":5}},"20":{"start":{"line":41,"column":4},"end":{"line":41,"column":48}},"21":{"start":{"line":43,"column":4},"end":{"line":43,"column":21}},"22":{"start":{"line":47,"column":0},"end":{"line":64,"column":3}},"23":{"start":{"line":48,"column":2},"end":{"line":63,"column":3}},"24":{"start":{"line":49,"column":40},"end":{"line":49,"column":48}},"25":{"start":{"line":50,"column":19},"end":{"line":53,"column":5}},"26":{"start":{"line":54,"column":4},"end":{"line":59,"column":5}},"27":{"start":{"line":55,"column":6},"end":{"line":58,"column":8}},"28":{"start":{"line":60,"column":4},"end":{"line":60,"column":48}},"29":{"start":{"line":62,"column":4},"end":{"line":62,"column":21}},"30":{"start":{"line":66,"column":0},"end":{"line":75,"column":3}},"31":{"start":{"line":67,"column":2},"end":{"line":74,"column":3}},"32":{"start":{"line":68,"column":19},"end":{"line":70,"column":6}},"33":{"start":{"line":71,"column":4},"end":{"line":71,"column":59}},"34":{"start":{"line":73,"column":4},"end":{"line":73,"column":14}},"35":{"start":{"line":77,"column":0},"end":{"line":77,"column":33}}},"fnMap":{"0":{"name":"(anonymous_0)","decl":{"start":{"line":7,"column":25},"end":{"line":7,"column":26}},"loc":{"start":{"line":7,"column":51},"end":{"line":14,"column":1}},"line":7},"1":{"name":"(anonymous_1)","decl":{"start":{"line":16,"column":30},"end":{"line":16,"column":31}},"loc":{"start":{"line":16,"column":56},"end":{"line":31,"column":1}},"line":16},"2":{"name":"(anonymous_2)","decl":{"start":{"line":33,"column":26},"end":{"line":33,"column":27}},"loc":{"start":{"line":33,"column":52},"end":{"line":45,"column":1}},"line":33},"3":{"name":"(anonymous_3)","decl":{"start":{"line":47,"column":30},"end":{"line":47,"column":31}},"loc":{"start":{"line":47,"column":56},"end":{"line":64,"column":1}},"line":47},"4":{"name":"(anonymous_4)","decl":{"start":{"line":66,"column":33},"end":{"line":66,"column":34}},"loc":{"start":{"line":66,"column":59},"end":{"line":75,"column":1}},"line":66}},"branchMap":{"0":{"loc":{"start":{"line":21,"column":4},"end":{"line":26,"column":5}},"type":"if","locations":[{"start":{"line":21,"column":4},"end":{"line":26,"column":5}},{"start":{"line":21,"column":4},"end":{"line":26,"column":5}}],"line":21},"1":{"loc":{"start":{"line":54,"column":4},"end":{"line":59,"column":5}},"type":"if","locations":[{"start":{"line":54,"column":4},"end":{"line":59,"column":5}},{"start":{"line":54,"column":4},"end":{"line":59,"column":5}}],"line":54}},"s":{"0":2,"1":2,"2":2,"3":2,"4":2,"5":1,"6":1,"7":1,"8":0,"9":2,"10":1,"11":1,"12":1,"13":0,"14":1,"15":0,"16":2,"17":1,"18":1,"19":1,"20":1,"21":0,"22":2,"23":2,"24":2,"25":2,"26":2,"27":1,"28":1,"29":1,"30":2,"31":1,"32":1,"33":1,"34":0,"35":2},"f":{"0":1,"1":1,"2":1,"3":2,"4":1},"b":{"0":[0,1],"1":[1,1]},"_coverageSchema":"1a1c01bbd47fc00a2c39e90264f33305004495a9","hash":"824a6fcdfd7d176a42f7ef9eb7f65186e7317bd0"}
,"/Users/ngundobin/Desktop/express-biztime/routes/invoices.js": {"path":"/Users/ngundobin/Desktop/express-biztime/routes/invoices.js","statementMap":{"0":{"start":{"line":1,"column":11},"end":{"line":1,"column":27}},"1":{"start":{"line":2,"column":16},"end":{"line":2,"column":34}},"2":{"start":{"line":3,"column":21},"end":{"line":3,"column":47}},"3":{"start":{"line":5,"column":23},"end":{"line":5,"column":43}},"4":{"start":{"line":7,"column":0},"end":{"line":14,"column":3}},"5":{"start":{"line":8,"column":2},"end":{"line":13,"column":3}},"6":{"start":{"line":9,"column":21},"end":{"line":9,"column":61}},"7":{"start":{"line":10,"column":4},"end":{"line":10,"column":35}},"8":{"start":{"line":12,"column":4},"end":{"line":12,"column":14}},"9":{"start":{"line":16,"column":0},"end":{"line":31,"column":3}},"10":{"start":{"line":17,"column":2},"end":{"line":30,"column":3}},"11":{"start":{"line":18,"column":19},"end":{"line":20,"column":6}},"12":{"start":{"line":21,"column":4},"end":{"line":26,"column":5}},"13":{"start":{"line":22,"column":6},"end":{"line":25,"column":8}},"14":{"start":{"line":27,"column":4},"end":{"line":27,"column":48}},"15":{"start":{"line":29,"column":4},"end":{"line":29,"column":21}},"16":{"start":{"line":33,"column":0},"end":{"line":44,"column":3}},"17":{"start":{"line":34,"column":2},"end":{"line":43,"column":3}},"18":{"start":{"line":35,"column":58},"end":{"line":35,"column":66}},"19":{"start":{"line":36,"column":20},"end":{"line":39,"column":5}},"20":{"start":{"line":40,"column":4},"end":{"line":40,"column":49}},"21":{"start":{"line":42,"column":4},"end":{"line":42,"column":21}},"22":{"start":{"line":46,"column":0},"end":{"line":63,"column":3}},"23":{"start":{"line":47,"column":2},"end":{"line":62,"column":3}},"24":{"start":{"line":48,"column":58},"end":{"line":48,"column":66}},"25":{"start":{"line":49,"column":20},"end":{"line":52,"column":5}},"26":{"start":{"line":53,"column":4},"end":{"line":58,"column":5}},"27":{"start":{"line":54,"column":6},"end":{"line":57,"column":8}},"28":{"start":{"line":59,"column":4},"end":{"line":59,"column":49}},"29":{"start":{"line":61,"column":4},"end":{"line":61,"column":21}},"30":{"start":{"line":65,"column":0},"end":{"line":80,"column":3}},"31":{"start":{"line":66,"column":2},"end":{"line":79,"column":3}},"32":{"start":{"line":67,"column":20},"end":{"line":69,"column":6}},"33":{"start":{"line":70,"column":4},"end":{"line":75,"column":5}},"34":{"start":{"line":71,"column":6},"end":{"line":74,"column":8}},"35":{"start":{"line":76,"column":4},"end":{"line":76,"column":59}},"36":{"start":{"line":78,"column":4},"end":{"line":78,"column":21}},"37":{"start":{"line":82,"column":0},"end":{"line":82,"column":32}}},"fnMap":{"0":{"name":"(anonymous_0)","decl":{"start":{"line":7,"column":24},"end":{"line":7,"column":25}},"loc":{"start":{"line":7,"column":50},"end":{"line":14,"column":1}},"line":7},"1":{"name":"(anonymous_1)","decl":{"start":{"line":16,"column":27},"end":{"line":16,"column":28}},"loc":{"start":{"line":16,"column":53},"end":{"line":31,"column":1}},"line":16},"2":{"name":"(anonymous_2)","decl":{"start":{"line":33,"column":25},"end":{"line":33,"column":26}},"loc":{"start":{"line":33,"column":51},"end":{"line":44,"column":1}},"line":33},"3":{"name":"(anonymous_3)","decl":{"start":{"line":46,"column":27},"end":{"line":46,"column":28}},"loc":{"start":{"line":46,"column":53},"end":{"line":63,"column":1}},"line":46},"4":{"name":"(anonymous_4)","decl":{"start":{"line":65,"column":30},"end":{"line":65,"column":31}},"loc":{"start":{"line":65,"column":56},"end":{"line":80,"column":1}},"line":65}},"branchMap":{"0":{"loc":{"start":{"line":21,"column":4},"end":{"line":26,"column":5}},"type":"if","locations":[{"start":{"line":21,"column":4},"end":{"line":26,"column":5}},{"start":{"line":21,"column":4},"end":{"line":26,"column":5}}],"line":21},"1":{"loc":{"start":{"line":53,"column":4},"end":{"line":58,"column":5}},"type":"if","locations":[{"start":{"line":53,"column":4},"end":{"line":58,"column":5}},{"start":{"line":53,"column":4},"end":{"line":58,"column":5}}],"line":53},"2":{"loc":{"start":{"line":70,"column":4},"end":{"line":75,"column":5}},"type":"if","locations":[{"start":{"line":70,"column":4},"end":{"line":75,"column":5}},{"start":{"line":70,"column":4},"end":{"line":75,"column":5}}],"line":70}},"s":{"0":2,"1":2,"2":2,"3":2,"4":2,"5":1,"6":1,"7":1,"8":0,"9":2,"10":1,"11":1,"12":1,"13":0,"14":1,"15":0,"16":2,"17":1,"18":1,"19":1,"20":1,"21":0,"22":2,"23":2,"24":2,"25":2,"26":2,"27":1,"28":1,"29":1,"30":2,"31":1,"32":1,"33":1,"34":0,"35":1,"36":0,"37":2},"f":{"0":1,"1":1,"2":1,"3":2,"4":1},"b":{"0":[0,1],"1":[1,1],"2":[0,1]},"_coverageSchema":"1a1c01bbd47fc00a2c39e90264f33305004495a9","hash":"5fcef15e9e911cb7c0fd09509493f68f3597883f"}
}
