TN:
SF:app.js
FN:16,(anonymous_0)
FN:23,(anonymous_1)
FNF:2
FNH:2
FNDA:1,(anonymous_0)
FNDA:3,(anonymous_1)
DA:3,2
DA:4,2
DA:5,2
DA:6,2
DA:7,2
DA:9,2
DA:11,2
DA:12,2
DA:16,2
DA:17,1
DA:18,1
DA:23,2
DA:24,3
DA:26,3
DA:32,2
LF:15
LH:15
BRDA:24,0,0,3
BRDA:24,0,1,0
BRF:2
BRH:1
end_of_record
TN:
SF:db.js
FNF:0
FNH:0
DA:3,2
DA:6,2
DA:7,2
DA:8,2
DA:10,0
DA:13,2
DA:17,2
DA:19,2
LF:8
LH:7
BRDA:6,0,0,2
BRDA:6,0,1,0
BRF:2
BRH:1
end_of_record
TN:
SF:expressError.js
FN:8,(anonymous_0)
FNF:1
FNH:1
FNDA:3,(anonymous_0)
DA:9,3
DA:10,3
DA:11,3
DA:12,3
DA:17,2
LF:5
LH:5
BRF:0
BRH:0
end_of_record
TN:
SF:routes/companies.js
FN:7,(anonymous_0)
FN:16,(anonymous_1)
FN:33,(anonymous_2)
FN:47,(anonymous_3)
FN:66,(anonymous_4)
FNF:5
FNH:5
FNDA:1,(anonymous_0)
FNDA:1,(anonymous_1)
FNDA:1,(anonymous_2)
FNDA:2,(anonymous_3)
FNDA:1,(anonymous_4)
DA:1,2
DA:2,2
DA:3,2
DA:5,2
DA:7,2
DA:8,1
DA:9,1
DA:10,1
DA:12,0
DA:16,2
DA:17,1
DA:18,1
DA:21,1
DA:22,0
DA:27,1
DA:29,0
DA:33,2
DA:34,1
DA:35,1
DA:36,1
DA:41,1
DA:43,0
DA:47,2
DA:48,2
DA:49,2
DA:50,2
DA:54,2
DA:55,1
DA:60,1
DA:62,1
DA:66,2
DA:67,1
DA:68,1
DA:71,1
DA:73,0
DA:77,2
LF:36
LH:31
BRDA:21,0,0,0
BRDA:21,0,1,1
BRDA:54,1,0,1
BRDA:54,1,1,1
BRF:4
BRH:3
end_of_record
TN:
SF:routes/invoices.js
FN:7,(anonymous_0)
FN:16,(anonymous_1)
FN:33,(anonymous_2)
FN:46,(anonymous_3)
FN:65,(anonymous_4)
FNF:5
FNH:5
FNDA:1,(anonymous_0)
FNDA:1,(anonymous_1)
FNDA:1,(anonymous_2)
FNDA:2,(anonymous_3)
FNDA:1,(anonymous_4)
DA:1,2
DA:2,2
DA:3,2
DA:5,2
DA:7,2
DA:8,1
DA:9,1
DA:10,1
DA:12,0
DA:16,2
DA:17,1
DA:18,1
DA:21,1
DA:22,0
DA:27,1
DA:29,0
DA:33,2
DA:34,1
DA:35,1
DA:36,1
DA:40,1
DA:42,0
DA:46,2
DA:47,2
DA:48,2
DA:49,2
DA:53,2
DA:54,1
DA:59,1
DA:61,1
DA:65,2
DA:66,1
DA:67,1
DA:70,1
DA:71,0
DA:76,1
DA:78,0
DA:82,2
LF:38
LH:32
BRDA:21,0,0,0
BRDA:21,0,1,1
BRDA:53,1,0,1
BRDA:53,1,1,1
BRDA:70,2,0,0
BRDA:70,2,1,1
BRF:6
BRH:4
end_of_record
